User entered : 1 and 20
Program generated : 2


Player entered : 1
Player entered 1 which is the wrong number.

Program generated : 8


Player entered : 20
Player entered 20 which is the wrong number.

Program generated : 15


Player entered : 25
Player entered 25 which is the wrong number.

Program generated : 1


Player entered : 15
Player entered 15 which is the wrong number.

Program generated : 10


Player entered : 14
Player entered 14 which is the wrong number.

Program generated : 5


Player entered : 12
Player entered 12 which is the wrong number.

Program generated : 19


Player entered : 3
Player entered 3 which is the wrong number.

Program generated : 19


Player entered : 13
Player entered 13 which is the wrong number.

Program generated : 3


Player entered : 12
Player entered 12 which is the wrong number.

Program generated : 5


Player entered : 11
Player entered 11 which is the wrong number.

Program generated : 6


Player entered : 10
Player entered 10 which is the wrong number.

Program generated : 6


Player entered : 9
Player entered 9 which is the wrong number.

Program generated : 2


Player entered : 8
Player entered 8 which is the wrong number.

Program generated : 8


Player entered : 7
Player entered 7 which is the wrong number.

Program generated : 2


Player entered : 5
Player entered 5 which is the wrong number.

Program generated : 12


Player entered : 6
Player entered 6 which is the wrong number.

Program generated : 16


Player entered : 4
Player entered 4 which is the wrong number.

Program generated : 3


Player entered : 3

Player guessed the number 3 in 18 tries.
